<?xml version="1.0" encoding="UTF-8"?>
<!-- Generated by org.testng.reporters.JUnitReportReporter -->
<testsuite skipped="0" hostname="W2K8R2-DC" name="CertificateRequest.TestPrivate" tests="5" failures="0" timestamp="2020-11-02T01:46:37 GMT+01:00" time="84.856" errors="0">
  <testcase name="wessam" time="17.006" classname="CertificateRequest.TestPrivate"/>
  <testcase name="wessam" time="16.933" classname="CertificateRequest.TestPrivate"/>
  <testcase name="wessam" time="16.986" classname="CertificateRequest.TestPrivate"/>
  <testcase name="wessam" time="16.941" classname="CertificateRequest.TestPrivate"/>
  <testcase name="wessam" time="16.990" classname="CertificateRequest.TestPrivate"/>
</testsuite> <!-- CertificateRequest.TestPrivate -->
