<?xml version="1.0" encoding="UTF-8"?>
<!-- Generated by org.testng.reporters.JUnitReportReporter -->
<testsuite skipped="0" hostname="W2K8R2-DC" name="CertificateRequest.TestPublic" tests="6" failures="0" timestamp="2020-11-02T01:46:37 GMT+01:00" time="308.215" errors="0">
  <testcase name="Vodafone" time="49.220" classname="CertificateRequest.TestPublic"/>
  <testcase name="Vodafone" time="62.205" classname="CertificateRequest.TestPublic"/>
  <testcase name="Vodafone" time="49.403" classname="CertificateRequest.TestPublic"/>
  <testcase name="Vodafone" time="49.129" classname="CertificateRequest.TestPublic"/>
  <testcase name="Vodafone" time="49.334" classname="CertificateRequest.TestPublic"/>
  <testcase name="Vodafone" time="48.924" classname="CertificateRequest.TestPublic"/>
</testsuite> <!-- CertificateRequest.TestPublic -->
